<?xml version="1.0" encoding="UTF-8"?>
<testsuite xmlns:xsi="http://www.w3.org/2001/XMLSchema-instance" xsi:noNamespaceSchemaLocation="https://maven.apache.org/surefire/maven-surefire-plugin/xsd/surefire-test-report-3.0.xsd" version="3.0" name="br.com.project.SB.NameProject.SbNameProjectApplicationTests" time="6.443" tests="1" errors="0" skipped="0" failures="0">
  <properties>
[...]
</properties>
  <testcase name="contextLoads" classname="br.com.project.SB.NameProject.SbNameProjectApplicationTests" time="0.561">
    <system-out><![CDATA[08:20:20.011 [main] INFO org.springframework.test.context.support.AnnotationConfigContextLoaderUtils -- Could not detect default configuration classes for test class [br.com.project.SB.NameProject.SbNameProjectApplicationTests]: SbNameProjectApplicationTests does not declare any static, non-private, non-final, nested classes annotated with @Configuration.
08:20:20.111 [main] INFO org.springframework.boot.test.context.SpringBootTestContextBootstrapper -- Found @SpringBootConfiguration br.com.project.SB.NameProject.App for test class br.com.project.SB.NameProject.SbNameProjectApplicationTests

  .   ____          _            __ _ _
 /\\ / ___'_ __ _ _(_)_ __  __ _ \ \ \ \
( ( )\___ | '_ | '_| | '_ \/ _` | \ \ \ \
 \\/  ___)| |_)| | | | | || (_| |  ) ) ) )
  '  |____| .__|_| |_|_| |_\__, | / / / /
 =========|_|==============|___/=/_/_/_/
 :: Spring Boot ::                (v3.1.4)

2024-01-19T08:20:20.519-03:00  INFO 19780 --- [           main] b.c.p.S.N.SbNameProjectApplicationTests  : Starting SbNameProjectApplicationTests using Java 17.0.6 with PID 19780 (started by newac in C:\Users\newac\OneDrive\Área de Trabalho\WE\Projeto\BACKEND-ProjectS)
2024-01-19T08:20:20.520-03:00  INFO 19780 --- [           main] b.c.p.S.N.SbNameProjectApplicationTests  : No active profile set, falling back to 1 default profile: "default"
2024-01-19T08:20:21.472-03:00  INFO 19780 --- [           main] .s.d.r.c.RepositoryConfigurationDelegate : Bootstrapping Spring Data JPA repositories in DEFAULT mode.
2024-01-19T08:20:21.565-03:00  INFO 19780 --- [           main] .s.d.r.c.RepositoryConfigurationDelegate : Finished Spring Data repository scanning in 77 ms. Found 6 JPA repository interfaces.
2024-01-19T08:20:22.070-03:00  INFO 19780 --- [           main] o.f.c.internal.license.VersionPrinter    : Flyway Community Edition 9.16.3 by Redgate
2024-01-19T08:20:22.070-03:00  INFO 19780 --- [           main] o.f.c.internal.license.VersionPrinter    : See release notes here: https://rd.gt/416ObMi
2024-01-19T08:20:22.070-03:00  INFO 19780 --- [           main] o.f.c.internal.license.VersionPrinter    : 
2024-01-19T08:20:22.077-03:00  INFO 19780 --- [           main] com.zaxxer.hikari.HikariDataSource       : HikariPool-1 - Starting...
2024-01-19T08:20:22.355-03:00  INFO 19780 --- [           main] com.zaxxer.hikari.pool.HikariPool        : HikariPool-1 - Added connection org.postgresql.jdbc.PgConnection@4f363abd
2024-01-19T08:20:22.357-03:00  INFO 19780 --- [           main] com.zaxxer.hikari.HikariDataSource       : HikariPool-1 - Start completed.
2024-01-19T08:20:22.372-03:00  INFO 19780 --- [           main] o.f.c.i.database.base.BaseDatabaseType   : Database: jdbc:postgresql://localhost:5432/sb_projects (PostgreSQL 15.0)
2024-01-19T08:20:22.403-03:00  INFO 19780 --- [           main] o.f.core.internal.command.DbValidate     : Successfully validated 0 migrations (execution time 00:00.012s)
2024-01-19T08:20:22.403-03:00  WARN 19780 --- [           main] o.f.core.internal.command.DbValidate     : No migrations found. Are your locations set up correctly?
2024-01-19T08:20:22.468-03:00  INFO 19780 --- [           main] o.f.core.internal.command.DbMigrate      : Current version of schema "public": << Empty Schema >>
2024-01-19T08:20:22.469-03:00  INFO 19780 --- [           main] o.f.core.internal.command.DbMigrate      : Schema "public" is up to date. No migration necessary.
2024-01-19T08:20:22.572-03:00  INFO 19780 --- [           main] o.hibernate.jpa.internal.util.LogHelper  : HHH000204: Processing PersistenceUnitInfo [name: default]
2024-01-19T08:20:22.659-03:00  INFO 19780 --- [           main] org.hibernate.Version                    : HHH000412: Hibernate ORM core version 6.2.9.Final
2024-01-19T08:20:22.662-03:00  INFO 19780 --- [           main] org.hibernate.cfg.Environment            : HHH000406: Using bytecode reflection optimizer
2024-01-19T08:20:22.857-03:00  INFO 19780 --- [           main] o.h.b.i.BytecodeProviderInitiator        : HHH000021: Bytecode provider name : bytebuddy
2024-01-19T08:20:23.031-03:00  INFO 19780 --- [           main] o.s.o.j.p.SpringPersistenceUnitInfo      : No LoadTimeWeaver setup: ignoring JPA class transformer
2024-01-19T08:20:23.390-03:00  INFO 19780 --- [           main] o.h.b.i.BytecodeProviderInitiator        : HHH000021: Bytecode provider name : bytebuddy
2024-01-19T08:20:24.163-03:00  INFO 19780 --- [           main] o.h.e.t.j.p.i.JtaPlatformInitiator       : HHH000490: Using JtaPlatform implementation: [org.hibernate.engine.transaction.jta.platform.internal.NoJtaPlatform]
2024-01-19T08:20:24.248-03:00  INFO 19780 --- [           main] j.LocalContainerEntityManagerFactoryBean : Initialized JPA EntityManagerFactory for persistence unit 'default'
2024-01-19T08:20:24.745-03:00  INFO 19780 --- [           main] o.s.d.j.r.query.QueryEnhancerFactory     : Hibernate is in classpath; If applicable, HQL parser will be used.
2024-01-19T08:20:25.260-03:00  WARN 19780 --- [           main] JpaBaseConfiguration$JpaWebConfiguration : spring.jpa.open-in-view is enabled by default. Therefore, database queries may be performed during view rendering. Explicitly configure spring.jpa.open-in-view to disable this warning
2024-01-19T08:20:25.716-03:00  INFO 19780 --- [           main] b.c.p.S.N.SbNameProjectApplicationTests  : Started SbNameProjectApplicationTests in 5.444 seconds (process running for 6.453)
]]></system-out>
  </testcase>
</testsuite>